Arguments: 
  /Users/fabriciopolicarpo/.nvm/versions/node/v10.16.1/bin/node /Users/fabriciopolicarpo/.yarn/bin/yarn.js init gobarbermobile

PATH: 
  /Users/fabriciopolicarpo/.yarn/bin:/Users/fabriciopolicarpo/.config/yarn/global/node_modules/.bin:/Users/fabriciopolicarpo/.nvm/versions/node/v10.16.1/bin:/Library/Frameworks/Python.framework/Versions/3.7/bin:/usr/local/bin:/usr/bin:/bin:/usr/sbin:/sbin:/usr/local/share/dotnet:~/.dotnet/tools

Yarn version: 
  1.22.0

Node version: 
  10.16.1

Platform: 
  darwin x64

Trace: 
  Error: canceled
      at Interface.<anonymous> (/Users/fabriciopolicarpo/.yarn/lib/cli.js:136987:13)
      at Interface.emit (events.js:198:13)
      at Interface._ttyWrite (readline.js:801:16)
      at ReadStream.onkeypress (readline.js:184:10)
      at ReadStream.emit (events.js:198:13)
      at emitKeys (internal/readline.js:424:14)
      at emitKeys.next (<anonymous>)
      at ReadStream.onData (readline.js:1075:36)
      at ReadStream.emit (events.js:198:13)
      at addChunk (_stream_readable.js:288:12)

npm manifest: 
  No manifest

yarn manifest: 
  No manifest

Lockfile: 
  No lockfile
